TN:
SF:src\config\database.ts
FN:11,(anonymous_1)
FN:28,(anonymous_2)
FN:35,(anonymous_3)
FNF:3
FNH:0
FNDA:0,(anonymous_1)
FNDA:0,(anonymous_2)
FNDA:0,(anonymous_3)
DA:1,1
DA:2,1
DA:5,1
DA:6,1
DA:8,1
DA:9,1
DA:11,1
DA:12,0
DA:13,0
DA:16,0
DA:17,0
DA:18,0
DA:19,0
DA:20,0
DA:21,0
DA:23,0
DA:24,0
DA:28,1
DA:29,0
DA:30,0
DA:32,0
DA:35,1
DA:36,0
DA:37,0
DA:38,0
DA:39,0
DA:40,0
LF:27
LH:9
BRDA:5,0,0,1
BRDA:5,0,1,1
BRDA:6,1,0,1
BRDA:6,1,1,1
BRDA:12,2,0,0
BRDA:12,2,1,0
BRDA:29,3,0,0
BRDA:29,3,1,0
BRDA:36,4,0,0
BRDA:36,4,1,0
BRF:10
BRH:4
end_of_record
TN:
SF:src\middleware\auth.ts
FN:11,(anonymous_1)
FN:15,(anonymous_2)
FNF:2
FNH:2
FNDA:3,(anonymous_1)
FNDA:18,(anonymous_2)
DA:2,1
DA:3,1
DA:4,1
DA:6,1
DA:11,1
DA:12,3
DA:15,1
DA:16,18
DA:21,18
DA:22,4
DA:26,4
DA:29,14
DA:30,14
DA:31,11
DA:37,11
DA:38,8
DA:39,8
DA:40,8
DA:48,6
DA:49,4
DA:51,4
DA:64,4
DA:68,9
DA:69,2
DA:73,2
DA:75,7
DA:81,7
DA:82,7
DA:84,5
DA:88,5
LF:30
LH:30
BRDA:12,0,0,3
BRDA:12,0,1,0
BRDA:21,1,0,4
BRDA:21,1,1,14
BRDA:30,2,0,14
BRDA:30,2,1,0
BRDA:37,3,0,8
BRDA:37,3,1,3
BRDA:48,4,0,4
BRDA:48,4,1,2
BRDA:52,5,0,4
BRDA:52,5,1,0
BRDA:52,5,2,0
BRDA:68,6,0,2
BRDA:68,6,1,7
BRDA:85,7,0,5
BRDA:85,7,1,0
BRF:17
BRH:12
end_of_record
TN:
SF:src\middleware\rateLimiter.ts
FN:40,getCurrentHour
FN:47,getCurrentDate
FN:54,getUserLimits
FN:69,cleanupOldData
FN:76,(anonymous_5)
FN:78,(anonymous_6)
FN:85,(anonymous_7)
FN:91,(anonymous_8)
FN:106,streamRateLimiter
FN:193,(anonymous_10)
FN:210,trackTokenUsage
FN:239,checkTokenLimit
FN:252,getUserStats
FN:280,getRateLimiterConfig
FN:284,(anonymous_15)
FNF:15
FNH:9
FNDA:9,getCurrentHour
FNDA:15,getCurrentDate
FNDA:15,getUserLimits
FNDA:0,cleanupOldData
FNDA:0,(anonymous_5)
FNDA:0,(anonymous_6)
FNDA:0,(anonymous_7)
FNDA:0,(anonymous_8)
FNDA:4,streamRateLimiter
FNDA:0,(anonymous_10)
FNDA:4,trackTokenUsage
FNDA:2,checkTokenLimit
FNDA:5,getUserStats
FNDA:2,getRateLimiterConfig
FNDA:8,(anonymous_15)
DA:2,1
DA:16,1
DA:35,1
DA:41,9
DA:48,15
DA:55,15
DA:56,5
DA:63,15
DA:70,0
DA:71,0
DA:72,0
DA:73,0
DA:74,0
DA:76,0
DA:78,0
DA:79,0
DA:80,0
DA:85,0
DA:86,0
DA:87,0
DA:91,0
DA:92,0
DA:93,0
DA:100,1
DA:106,1
DA:108,4
DA:109,0
DA:110,0
DA:113,4
DA:114,4
DA:115,4
DA:116,4
DA:119,4
DA:120,0
DA:125,0
DA:139,4
DA:140,4
DA:141,0
DA:146,0
DA:160,4
DA:161,4
DA:162,0
DA:167,0
DA:181,4
DA:182,4
DA:183,4
DA:185,4
DA:193,4
DA:194,0
DA:195,0
DA:201,4
DA:202,4
DA:204,4
DA:210,1
DA:211,4
DA:213,4
DA:214,4
DA:215,4
DA:216,4
DA:218,4
DA:226,4
DA:227,1
DA:239,1
DA:240,2
DA:242,2
DA:243,2
DA:244,2
DA:246,2
DA:252,1
DA:253,5
DA:254,5
DA:255,5
DA:257,5
DA:280,1
DA:281,2
DA:284,8
LF:76
LH:51
BRDA:17,0,0,1
BRDA:17,0,1,1
BRDA:18,1,0,1
BRDA:18,1,1,1
BRDA:19,2,0,1
BRDA:19,2,1,1
BRDA:20,3,0,1
BRDA:20,3,1,1
BRDA:55,4,0,5
BRDA:55,4,1,10
BRDA:79,5,0,0
BRDA:79,5,1,0
BRDA:79,6,0,0
BRDA:79,6,1,0
BRDA:86,7,0,0
BRDA:86,7,1,0
BRDA:86,8,0,0
BRDA:86,8,1,0
BRDA:92,9,0,0
BRDA:92,9,1,0
BRDA:92,10,0,0
BRDA:92,10,1,0
BRDA:108,11,0,0
BRDA:108,11,1,4
BRDA:113,12,0,4
BRDA:113,12,1,1
BRDA:113,12,2,1
BRDA:119,13,0,0
BRDA:119,13,1,4
BRDA:139,14,0,4
BRDA:139,14,1,2
BRDA:140,15,0,0
BRDA:140,15,1,4
BRDA:160,16,0,4
BRDA:160,16,1,2
BRDA:161,17,0,0
BRDA:161,17,1,4
BRDA:211,18,0,0
BRDA:211,18,1,4
BRDA:215,19,0,4
BRDA:215,19,1,2
BRDA:226,20,0,1
BRDA:226,20,1,3
BRDA:240,21,0,0
BRDA:240,21,1,2
BRDA:244,22,0,2
BRDA:244,22,1,1
BRDA:263,23,0,5
BRDA:263,23,1,2
BRDA:267,24,0,5
BRDA:267,24,1,2
BRDA:271,25,0,5
BRDA:271,25,1,1
BRF:53
BRH:35
end_of_record
TN:
SF:src\middleware\rbac.ts
FN:18,(anonymous_1)
FN:19,(anonymous_2)
FN:57,(anonymous_3)
FN:83,(anonymous_4)
FN:90,(anonymous_5)
FN:97,(anonymous_6)
FN:129,(anonymous_7)
FN:162,(anonymous_8)
FN:171,(anonymous_9)
FNF:9
FNH:9
FNDA:6,(anonymous_1)
FNDA:6,(anonymous_2)
FNDA:2,(anonymous_3)
FNDA:2,(anonymous_4)
FNDA:4,(anonymous_5)
FNDA:2,(anonymous_6)
FNDA:2,(anonymous_7)
FNDA:3,(anonymous_8)
FNDA:6,(anonymous_9)
DA:2,1
DA:3,1
DA:18,1
DA:19,6
DA:21,6
DA:22,6
DA:23,1
DA:26,5
DA:27,5
DA:28,4
DA:29,4
DA:31,4
DA:32,1
DA:36,3
DA:37,1
DA:44,2
DA:45,2
DA:46,2
DA:48,1
DA:57,1
DA:58,2
DA:59,2
DA:60,0
DA:63,2
DA:64,2
DA:65,2
DA:66,2
DA:68,2
DA:69,1
DA:72,1
DA:73,1
DA:74,1
DA:76,0
DA:83,1
DA:84,2
DA:90,1
DA:91,4
DA:97,1
DA:98,2
DA:99,2
DA:100,0
DA:103,2
DA:104,2
DA:105,2
DA:106,2
DA:108,2
DA:109,0
DA:112,2
DA:113,2
DA:116,2
DA:117,1
DA:120,2
DA:122,0
DA:129,1
DA:130,2
DA:131,2
DA:132,0
DA:135,2
DA:136,2
DA:137,2
DA:138,2
DA:140,2
DA:141,0
DA:144,2
DA:145,1
DA:151,1
DA:152,1
DA:153,1
DA:155,0
DA:162,1
DA:167,3
DA:168,1
DA:171,6
LF:73
LH:65
BRDA:22,0,0,1
BRDA:22,0,1,5
BRDA:27,1,0,5
BRDA:27,1,1,0
BRDA:31,2,0,1
BRDA:31,2,1,3
BRDA:36,3,0,1
BRDA:36,3,1,2
BRDA:59,4,0,0
BRDA:59,4,1,2
BRDA:64,5,0,2
BRDA:64,5,1,0
BRDA:68,6,0,1
BRDA:68,6,1,1
BRDA:68,7,0,2
BRDA:68,7,1,2
BRDA:91,8,0,4
BRDA:91,8,1,3
BRDA:99,9,0,0
BRDA:99,9,1,2
BRDA:104,10,0,2
BRDA:104,10,1,0
BRDA:108,11,0,0
BRDA:108,11,1,2
BRDA:116,12,0,1
BRDA:116,12,1,1
BRDA:131,13,0,0
BRDA:131,13,1,2
BRDA:136,14,0,2
BRDA:136,14,1,0
BRDA:140,15,0,0
BRDA:140,15,1,2
BRDA:144,16,0,1
BRDA:144,16,1,1
BRDA:167,17,0,1
BRDA:167,17,1,2
BRF:36
BRH:27
end_of_record
TN:
SF:src\services\circuitBreaker.ts
FN:43,(anonymous_0)
FN:59,(anonymous_1)
FN:110,(anonymous_2)
FN:129,(anonymous_3)
FN:149,(anonymous_4)
FN:163,(anonymous_5)
FN:174,(anonymous_6)
FN:181,(anonymous_7)
FN:196,(anonymous_8)
FN:208,(anonymous_9)
FN:218,registerCircuitBreaker
FN:222,getCircuitBreakerStats
FN:224,(anonymous_12)
FNF:13
FNH:8
FNDA:30,(anonymous_0)
FNDA:70,(anonymous_1)
FNDA:19,(anonymous_2)
FNDA:48,(anonymous_3)
FNDA:18,(anonymous_4)
FNDA:2,(anonymous_5)
FNDA:19,(anonymous_6)
FNDA:11,(anonymous_7)
FNDA:0,(anonymous_8)
FNDA:0,(anonymous_9)
FNDA:0,registerCircuitBreaker
FNDA:0,getCircuitBreakerStats
FNDA:0,(anonymous_12)
DA:33,1
DA:34,30
DA:35,30
DA:36,30
DA:37,30
DA:38,30
DA:39,30
DA:40,30
DA:44,30
DA:49,30
DA:63,70
DA:66,70
DA:67,8
DA:68,3
DA:72,3
DA:73,2
DA:76,1
DA:82,5
DA:83,5
DA:84,5
DA:89,67
DA:90,67
DA:91,19
DA:92,19
DA:94,48
DA:96,48
DA:97,0
DA:100,0
DA:103,48
DA:111,19
DA:112,19
DA:114,19
DA:115,8
DA:116,8
DA:120,8
DA:121,2
DA:130,48
DA:131,48
DA:132,48
DA:134,48
DA:138,48
DA:142,18
DA:150,18
DA:151,18
DA:153,18
DA:164,2
DA:165,2
DA:166,2
DA:168,2
DA:175,19
DA:182,11
DA:197,0
DA:198,0
DA:199,0
DA:200,0
DA:202,0
DA:209,0
DA:210,0
DA:212,0
DA:216,1
DA:218,1
DA:219,0
DA:222,1
DA:223,0
DA:224,0
DA:225,0
DA:227,0
LF:67
LH:52
BRDA:46,0,0,30
BRDA:46,0,1,6
BRDA:66,1,0,8
BRDA:66,1,1,62
BRDA:67,2,0,3
BRDA:67,2,1,5
BRDA:72,3,0,2
BRDA:72,3,1,1
BRDA:96,4,0,0
BRDA:96,4,1,48
BRDA:114,5,0,8
BRDA:114,5,1,11
BRDA:120,6,0,2
BRDA:120,6,1,6
BRDA:138,7,0,18
BRDA:138,7,1,30
BRDA:139,8,0,48
BRDA:139,8,1,32
BRDA:189,9,0,4
BRDA:189,9,1,7
BRF:20
BRH:19
end_of_record
